file : /rds/general/user/cm1118/projects/cellevolution/live/genes/ABCD3/ABCD3-clean.fasta
30	sequences with genetic code	The_Standard_Code
The file '/rds/general/user/cm1118/projects/cellevolution/live/genes/ABCD3/ABCD3_nostop.fasta' was created.
The file '/rds/general/user/cm1118/projects/cellevolution/live/genes/ABCD3/ABCD3-clean_AA.fasta' was created.
PROGRAM HAS FINISHED SUCCESSFULLY
Species tree is not empty
****** Running branch model for ABCD3 ******
Traceback (most recent call last):
  File "/rds/general/user/cm1118/home/anaconda3/envs/ete3_env/bin/ete3", line 11, in <module>
    load_entry_point('ete3==3.1.1', 'console_scripts', 'ete3')()
  File "/rds/general/user/cm1118/home/anaconda3/envs/ete3_env/lib/python3.6/site-packages/ete3-3.1.1-py3.6.egg/ete3/tools/ete.py", line 95, in main
    _main(sys.argv)
  File "/rds/general/user/cm1118/home/anaconda3/envs/ete3_env/lib/python3.6/site-packages/ete3-3.1.1-py3.6.egg/ete3/tools/ete.py", line 268, in _main
    args.func(args)
  File "/rds/general/user/cm1118/home/anaconda3/envs/ete3_env/lib/python3.6/site-packages/ete3-3.1.1-py3.6.egg/ete3/tools/ete_evol.py", line 899, in run
    models.update(run_all_models(tree, nodes, marks, args, **params))
  File "/rds/general/user/cm1118/home/anaconda3/envs/ete3_env/lib/python3.6/site-packages/ete3-3.1.1-py3.6.egg/ete3/tools/ete_evol.py", line 562, in run_all_models
    'ERROR: output files already exists, use "--resume"'
Exception: ERROR: output files already exists, use "--resume" option to skip computation or "--clear_all" to overwrite.
Done with ABCD3

============================================

        Job resource usage summary 

                 Memory (GB)    NCPUs
 Requested  :       124            32
 Used       :         0 (peak)   0.11 (ave)

============================================
